<?xml version="1.0" encoding="UTF-8"?>
<testng-results ignored="0" total="6" passed="5" failed="1" skipped="0">
  <reporter-output>
  </reporter-output>
  <suite started-at="2022-12-27T15:53:36 AST" name="Suite" finished-at="2022-12-27T15:55:38 AST" duration-ms="121086">
    <groups>
    </groups>
    <test started-at="2022-12-27T15:53:36 AST" name="Test" finished-at="2022-12-27T15:55:38 AST" duration-ms="121086">
      <class name="scenarios.AlertTest">
        <test-method signature="verifyAlert()[pri:0, instance:scenarios.AlertTest@1ab3a8c8]" started-at="2022-12-27T15:55:28 AST" name="verifyAlert" finished-at="2022-12-27T15:55:38 AST" duration-ms="9449" status="PASS">
          <reporter-output>
          </reporter-output>
        </test-method> <!-- verifyAlert -->
      </class> <!-- scenarios.AlertTest -->
      <class name="scenarios.WindowHandleTests">
        <test-method signature="windowHandle()[pri:0, instance:scenarios.WindowHandleTests@6973b51b]" started-at="2022-12-27T15:55:03 AST" name="windowHandle" finished-at="2022-12-27T15:55:28 AST" duration-ms="24992" status="PASS">
          <reporter-output>
          </reporter-output>
        </test-method> <!-- windowHandle -->
      </class> <!-- scenarios.WindowHandleTests -->
      <class name="scenarios.FramesHandling">
        <test-method signature="switchToFrameAndDragNDrop()[pri:0, instance:scenarios.FramesHandling@1afd44cb]" started-at="2022-12-27T15:54:54 AST" name="switchToFrameAndDragNDrop" finished-at="2022-12-27T15:55:03 AST" duration-ms="9522" status="PASS">
          <reporter-output>
          </reporter-output>
        </test-method> <!-- switchToFrameAndDragNDrop -->
      </class> <!-- scenarios.FramesHandling -->
      <class name="guru99Tests.Guru99Project">
        <test-method is-config="true" signature="Setup()[pri:0, instance:guru99Tests.Guru99Project@4facf68f]" started-at="2022-12-27T15:53:37 AST" name="Setup" finished-at="2022-12-27T15:53:49 AST" duration-ms="12494" status="PASS">
          <reporter-output>
          </reporter-output>
        </test-method> <!-- Setup -->
        <test-method signature="randomEmailGenerator()[pri:-1000, instance:guru99Tests.Guru99Project@4facf68f]" started-at="2022-12-27T15:53:49 AST" name="randomEmailGenerator" finished-at="2022-12-27T15:53:49 AST" duration-ms="13" status="PASS">
          <reporter-output>
          </reporter-output>
        </test-method> <!-- randomEmailGenerator -->
        <test-method is-config="true" signature="cleanup()[pri:0, instance:guru99Tests.Guru99Project@4facf68f]" started-at="2022-12-27T15:53:49 AST" name="cleanup" finished-at="2022-12-27T15:53:49 AST" duration-ms="118" status="PASS">
          <reporter-output>
          </reporter-output>
        </test-method> <!-- cleanup -->
        <test-method is-config="true" signature="Setup()[pri:0, instance:guru99Tests.Guru99Project@4facf68f]" started-at="2022-12-27T15:53:49 AST" name="Setup" finished-at="2022-12-27T15:54:05 AST" duration-ms="15520" status="PASS">
          <reporter-output>
          </reporter-output>
        </test-method> <!-- Setup -->
        <test-method signature="login()[pri:0, instance:guru99Tests.Guru99Project@4facf68f]" started-at="2022-12-27T15:54:05 AST" name="login" finished-at="2022-12-27T15:54:19 AST" duration-ms="14323" status="PASS">
          <reporter-output>
          </reporter-output>
        </test-method> <!-- login -->
        <test-method is-config="true" signature="cleanup()[pri:0, instance:guru99Tests.Guru99Project@4facf68f]" started-at="2022-12-27T15:54:19 AST" name="cleanup" finished-at="2022-12-27T15:54:19 AST" duration-ms="175" status="PASS">
          <reporter-output>
          </reporter-output>
        </test-method> <!-- cleanup -->
        <test-method is-config="true" signature="Setup()[pri:0, instance:guru99Tests.Guru99Project@4facf68f]" started-at="2022-12-27T15:54:19 AST" name="Setup" finished-at="2022-12-27T15:54:35 AST" duration-ms="15775" status="PASS">
          <reporter-output>
          </reporter-output>
        </test-method> <!-- Setup -->
        <test-method signature="addCustomer()[pri:1000, instance:guru99Tests.Guru99Project@4facf68f]" started-at="2022-12-27T15:54:35 AST" name="addCustomer" finished-at="2022-12-27T15:54:53 AST" duration-ms="18421" status="FAIL">
          <exception class="org.openqa.selenium.NoSuchElementException">
            <message>
              <![CDATA[no such element: Unable to locate element: {"method":"xpath","selector":"//table[@id='customer']/tbody/tr[4]/td[2]"}
  (Session info: chrome=108.0.5359.124)
For documentation on this error, please visit: https://selenium.dev/exceptions/#no_such_element
Build info: version: '4.7.2', revision: '4d4020c3b7'
System info: os.name: 'Mac OS X', os.arch: 'x86_64', os.version: '11.4', java.version: '17.0.1'
Driver info: org.openqa.selenium.chrome.ChromeDriver
Command: [c5d5eaaa95dfaf88d5667ba854c80b4f, findElement {using=xpath, value=//table[@id='customer']/tbody/tr[4]/td[2]}]
Capabilities {acceptInsecureCerts: false, browserName: chrome, browserVersion: 108.0.5359.124, chrome: {chromedriverVersion: 108.0.5359.71 (1e0e3868ee06..., userDataDir: /var/folders/5n/t83sd42x5rn...}, goog:chromeOptions: {debuggerAddress: localhost:56247}, networkConnectionEnabled: false, pageLoadStrategy: normal, platformName: MAC, proxy: Proxy(), se:cdp: ws://localhost:56247/devtoo..., se:cdpVersion: 108.0.5359.124, setWindowRect: true, strictFileInteractability: false, timeouts: {implicit: 0, pageLoad: 300000, script: 30000}, unhandledPromptBehavior: dismiss and notify, webauthn:extension:credBlob: true, webauthn:extension:largeBlob: true, webauthn:virtualAuthenticators: true}
Session ID: c5d5eaaa95dfaf88d5667ba854c80b4f]]>
            </message>
            <full-stacktrace>
              <![CDATA[org.openqa.selenium.NoSuchElementException: no such element: Unable to locate element: {"method":"xpath","selector":"//table[@id='customer']/tbody/tr[4]/td[2]"}
  (Session info: chrome=108.0.5359.124)
For documentation on this error, please visit: https://selenium.dev/exceptions/#no_such_element
Build info: version: '4.7.2', revision: '4d4020c3b7'
System info: os.name: 'Mac OS X', os.arch: 'x86_64', os.version: '11.4', java.version: '17.0.1'
Driver info: org.openqa.selenium.chrome.ChromeDriver
Command: [c5d5eaaa95dfaf88d5667ba854c80b4f, findElement {using=xpath, value=//table[@id='customer']/tbody/tr[4]/td[2]}]
Capabilities {acceptInsecureCerts: false, browserName: chrome, browserVersion: 108.0.5359.124, chrome: {chromedriverVersion: 108.0.5359.71 (1e0e3868ee06..., userDataDir: /var/folders/5n/t83sd42x5rn...}, goog:chromeOptions: {debuggerAddress: localhost:56247}, networkConnectionEnabled: false, pageLoadStrategy: normal, platformName: MAC, proxy: Proxy(), se:cdp: ws://localhost:56247/devtoo..., se:cdpVersion: 108.0.5359.124, setWindowRect: true, strictFileInteractability: false, timeouts: {implicit: 0, pageLoad: 300000, script: 30000}, unhandledPromptBehavior: dismiss and notify, webauthn:extension:credBlob: true, webauthn:extension:largeBlob: true, webauthn:virtualAuthenticators: true}
Session ID: c5d5eaaa95dfaf88d5667ba854c80b4f
at java.base/jdk.internal.reflect.NativeConstructorAccessorImpl.newInstance0(Native Method)
at java.base/jdk.internal.reflect.NativeConstructorAccessorImpl.newInstance(NativeConstructorAccessorImpl.java:77)
at java.base/jdk.internal.reflect.DelegatingConstructorAccessorImpl.newInstance(DelegatingConstructorAccessorImpl.java:45)
at java.base/java.lang.reflect.Constructor.newInstanceWithCaller(Constructor.java:499)
at java.base/java.lang.reflect.Constructor.newInstance(Constructor.java:480)
at org.openqa.selenium.remote.codec.w3c.W3CHttpResponseCodec.createException(W3CHttpResponseCodec.java:200)
at org.openqa.selenium.remote.codec.w3c.W3CHttpResponseCodec.decode(W3CHttpResponseCodec.java:133)
at org.openqa.selenium.remote.codec.w3c.W3CHttpResponseCodec.decode(W3CHttpResponseCodec.java:53)
at org.openqa.selenium.remote.HttpCommandExecutor.execute(HttpCommandExecutor.java:184)
at org.openqa.selenium.remote.service.DriverCommandExecutor.invokeExecute(DriverCommandExecutor.java:167)
at org.openqa.selenium.remote.service.DriverCommandExecutor.execute(DriverCommandExecutor.java:142)
at org.openqa.selenium.remote.RemoteWebDriver.execute(RemoteWebDriver.java:535)
at org.openqa.selenium.remote.ElementLocation$ElementFinder$2.findElement(ElementLocation.java:162)
at org.openqa.selenium.remote.ElementLocation.findElement(ElementLocation.java:60)
at org.openqa.selenium.remote.RemoteWebDriver.findElement(RemoteWebDriver.java:351)
at org.openqa.selenium.remote.RemoteWebDriver.findElement(RemoteWebDriver.java:343)
at guru99Tests.Guru99Project.addCustomer(Guru99Project.java:36)
at java.base/jdk.internal.reflect.NativeMethodAccessorImpl.invoke0(Native Method)
at java.base/jdk.internal.reflect.NativeMethodAccessorImpl.invoke(NativeMethodAccessorImpl.java:77)
at java.base/jdk.internal.reflect.DelegatingMethodAccessorImpl.invoke(DelegatingMethodAccessorImpl.java:43)
at java.base/java.lang.reflect.Method.invoke(Method.java:568)
at org.testng.internal.invokers.MethodInvocationHelper.invokeMethod(MethodInvocationHelper.java:139)
at org.testng.internal.invokers.TestInvoker.invokeMethod(TestInvoker.java:677)
at org.testng.internal.invokers.TestInvoker.invokeTestMethod(TestInvoker.java:221)
at org.testng.internal.invokers.MethodRunner.runInSequence(MethodRunner.java:50)
at org.testng.internal.invokers.TestInvoker$MethodInvocationAgent.invoke(TestInvoker.java:969)
at org.testng.internal.invokers.TestInvoker.invokeTestMethods(TestInvoker.java:194)
at org.testng.internal.invokers.TestMethodWorker.invokeTestMethods(TestMethodWorker.java:148)
at org.testng.internal.invokers.TestMethodWorker.run(TestMethodWorker.java:128)
at java.base/java.util.ArrayList.forEach(ArrayList.java:1511)
at org.testng.TestRunner.privateRun(TestRunner.java:829)
at org.testng.TestRunner.run(TestRunner.java:602)
at org.testng.SuiteRunner.runTest(SuiteRunner.java:437)
at org.testng.SuiteRunner.runSequentially(SuiteRunner.java:431)
at org.testng.SuiteRunner.privateRun(SuiteRunner.java:391)
at org.testng.SuiteRunner.run(SuiteRunner.java:330)
at org.testng.SuiteRunnerWorker.runSuite(SuiteRunnerWorker.java:52)
at org.testng.SuiteRunnerWorker.run(SuiteRunnerWorker.java:95)
at org.testng.TestNG.runSuitesSequentially(TestNG.java:1256)
at org.testng.TestNG.runSuitesLocally(TestNG.java:1176)
at org.testng.TestNG.runSuites(TestNG.java:1099)
at org.testng.TestNG.run(TestNG.java:1067)
at org.testng.remote.AbstractRemoteTestNG.run(AbstractRemoteTestNG.java:115)
at org.testng.remote.RemoteTestNG.initAndRun(RemoteTestNG.java:251)
at org.testng.remote.RemoteTestNG.main(RemoteTestNG.java:77)
]]>
            </full-stacktrace>
          </exception> <!-- org.openqa.selenium.NoSuchElementException -->
          <reporter-output>
          </reporter-output>
        </test-method> <!-- addCustomer -->
        <test-method is-config="true" signature="cleanup()[pri:0, instance:guru99Tests.Guru99Project@4facf68f]" started-at="2022-12-27T15:54:53 AST" name="cleanup" finished-at="2022-12-27T15:54:54 AST" duration-ms="122" status="PASS">
          <reporter-output>
          </reporter-output>
        </test-method> <!-- cleanup -->
      </class> <!-- guru99Tests.Guru99Project -->
    </test> <!-- Test -->
  </suite> <!-- Suite -->
</testng-results>
